<?xml version="1.0" encoding="UTF-8"?>
<testsuite xmlns:xsi="http://www.w3.org/2001/XMLSchema-instance" xsi:noNamespaceSchemaLocation="https://maven.apache.org/surefire/maven-surefire-plugin/xsd/surefire-test-report.xsd" name="calculator.TestCalculator" time="0.065" tests="18" errors="0" skipped="0" failures="0">
  <properties>
    <property name="java.specification.version" value="14"/>
    <property name="sun.cpu.isalist" value="amd64"/>
    <property name="sun.jnu.encoding" value="Cp1252"/>
    <property name="java.class.path" value="C:\Users\OscarBark\eclipse-workspace-demo\calculator\target\test-classes;C:\Users\OscarBark\eclipse-workspace-demo\calculator\target\classes;C:\Users\OscarBark\.m2\repository\org\junit\jupiter\junit-jupiter-api\5.7.0\junit-jupiter-api-5.7.0.jar;C:\Users\OscarBark\.m2\repository\org\apiguardian\apiguardian-api\1.1.0\apiguardian-api-1.1.0.jar;C:\Users\OscarBark\.m2\repository\org\opentest4j\opentest4j\1.2.0\opentest4j-1.2.0.jar;C:\Users\OscarBark\.m2\repository\org\junit\platform\junit-platform-commons\1.7.0\junit-platform-commons-1.7.0.jar;C:\Users\OscarBark\.m2\repository\org\junit\jupiter\junit-jupiter-engine\5.7.0\junit-jupiter-engine-5.7.0.jar;C:\Users\OscarBark\.m2\repository\org\junit\platform\junit-platform-engine\1.7.0\junit-platform-engine-1.7.0.jar;"/>
    <property name="java.vm.vendor" value="Oracle Corporation"/>
    <property name="sun.arch.data.model" value="64"/>
    <property name="user.variant" value=""/>
    <property name="java.vendor.url" value="https://java.oracle.com/"/>
    <property name="user.timezone" value="Europe/Stockholm"/>
    <property name="os.name" value="Windows 10"/>
    <property name="java.vm.specification.version" value="14"/>
    <property name="sun.java.launcher" value="SUN_STANDARD"/>
    <property name="user.country" value="US"/>
    <property name="sun.boot.library.path" value="C:\Program Files\Java\jdk-14.0.1\bin"/>
    <property name="sun.java.command" value="C:\Users\OSCARB~1\AppData\Local\Temp\surefire15743219643431764228\surefirebooter450726003365548695.jar C:\Users\OscarBark\AppData\Local\Temp\surefire15743219643431764228 2020-11-03T15-34-45_976-jvmRun1 surefire3190487849580747313tmp surefire_016060992485901985832tmp"/>
    <property name="jdk.debug" value="release"/>
    <property name="surefire.test.class.path" value="C:\Users\OscarBark\eclipse-workspace-demo\calculator\target\test-classes;C:\Users\OscarBark\eclipse-workspace-demo\calculator\target\classes;C:\Users\OscarBark\.m2\repository\org\junit\jupiter\junit-jupiter-api\5.7.0\junit-jupiter-api-5.7.0.jar;C:\Users\OscarBark\.m2\repository\org\apiguardian\apiguardian-api\1.1.0\apiguardian-api-1.1.0.jar;C:\Users\OscarBark\.m2\repository\org\opentest4j\opentest4j\1.2.0\opentest4j-1.2.0.jar;C:\Users\OscarBark\.m2\repository\org\junit\platform\junit-platform-commons\1.7.0\junit-platform-commons-1.7.0.jar;C:\Users\OscarBark\.m2\repository\org\junit\jupiter\junit-jupiter-engine\5.7.0\junit-jupiter-engine-5.7.0.jar;C:\Users\OscarBark\.m2\repository\org\junit\platform\junit-platform-engine\1.7.0\junit-platform-engine-1.7.0.jar;"/>
    <property name="sun.cpu.endian" value="little"/>
    <property name="user.home" value="C:\Users\OscarBark"/>
    <property name="user.language" value="en"/>
    <property name="java.specification.vendor" value="Oracle Corporation"/>
    <property name="java.version.date" value="2020-04-14"/>
    <property name="java.home" value="C:\Program Files\Java\jdk-14.0.1"/>
    <property name="file.separator" value="\"/>
    <property name="basedir" value="C:\Users\OscarBark\eclipse-workspace-demo\calculator"/>
    <property name="java.vm.compressedOopsMode" value="Zero based"/>
    <property name="line.separator" value="&#10;"/>
    <property name="java.vm.specification.vendor" value="Oracle Corporation"/>
    <property name="java.specification.name" value="Java Platform API Specification"/>
    <property name="surefire.real.class.path" value="C:\Users\OSCARB~1\AppData\Local\Temp\surefire15743219643431764228\surefirebooter450726003365548695.jar"/>
    <property name="user.script" value=""/>
    <property name="sun.management.compiler" value="HotSpot 64-Bit Tiered Compilers"/>
    <property name="java.runtime.version" value="14.0.1+7"/>
    <property name="user.name" value="OscarBark"/>
    <property name="path.separator" value=";"/>
    <property name="os.version" value="10.0"/>
    <property name="java.runtime.name" value="Java(TM) SE Runtime Environment"/>
    <property name="file.encoding" value="Cp1252"/>
    <property name="java.vm.name" value="Java HotSpot(TM) 64-Bit Server VM"/>
    <property name="localRepository" value="C:\Users\OscarBark\.m2\repository"/>
    <property name="java.vendor.url.bug" value="https://bugreport.java.com/bugreport/"/>
    <property name="java.io.tmpdir" value="C:\Users\OSCARB~1\AppData\Local\Temp\"/>
    <property name="java.version" value="14.0.1"/>
    <property name="user.dir" value="C:\Users\OscarBark\eclipse-workspace-demo\calculator"/>
    <property name="os.arch" value="amd64"/>
    <property name="java.vm.specification.name" value="Java Virtual Machine Specification"/>
    <property name="sun.os.patch.level" value=""/>
    <property name="java.library.path" value="C:\Program Files\Java\jdk-14.0.1\bin;C:\WINDOWS\Sun\Java\bin;C:\WINDOWS\system32;C:\WINDOWS;C:\Users\OscarBark\Miniconda3\condabin;C:/Program Files/Java/jdk-14.0.1/bin/server;C:/Program Files/Java/jdk-14.0.1/bin;C:\Program Files\Common Files\Oracle\Java\javapath;C:\Users\OscarBark\Miniconda3\condabin;C:\Program Files\NVIDIA GPU Computing Toolkit\CUDA\v10.0\bin;C:\Program Files\NVIDIA GPU Computing Toolkit\CUDA\v10.0\libnvvp;C:\Program Files\NVIDIA GPU Computing Toolkit\CUDA\v10.1\bin;C:\Program Files\NVIDIA GPU Computing Toolkit\CUDA\v10.1\libnvvp;C:\WINDOWS\system32;C:\WINDOWS;C:\WINDOWS\System32\Wbem;C:\WINDOWS\System32\WindowsPowerShell\v1.0\;C:\WINDOWS\System32\OpenSSH\;C:\Program Files\Intel\WiFi\bin\;C:\Program Files\Common Files\Intel\WirelessCommon\;C:\Program Files\dotnet\;C:\Program Files\Microsoft SQL Server\130\Tools\Binn\;C:\Program Files\Microsoft SQL Server\Client SDK\ODBC\170\Tools\Binn\;C:\Program Files\PuTTY\;C:\Program Files (x86)\Microsoft Visual Studio\Shared\Python37_64;C:\Program Files (x86)\Microsoft Visual Studio\Shared\Python37_64\Scripts;C:\Users\OscarBark\Miniconda3;C:\Users\OscarBark\Miniconda3\Scripts\conda.exe;C:\Users\OscarBark\Miniconda3\Scripts;C:\Program Files (x86)\Graphviz2.38\bin;C:\Program Files (x86)\Graphviz2.38\bin\dot.exe;C:\Program Files\Java\jdk-14.0.1\bin;;C:\Program Files\Docker\Docker\resources\bin;C:\ProgramData\DockerDesktop\version-bin;C:\Program Files\Amazon\AWSCLIV2\;C:\Users\OscarBark\AppData\Local\Microsoft\WindowsApps;C:\Users\OscarBark\AppData\Local\Programs\Microsoft VS Code\bin;C:\Users\OscarBark\.dotnet\tools;C:\Users\OscarBark\AppData\Local\Microsoft\WindowsApps;C:\Users\OscarBark\AppData\Local\GitHubDesktop\bin;C:\WINDOWS\system32;;."/>
    <property name="java.vm.info" value="mixed mode, sharing"/>
    <property name="java.vendor" value="Oracle Corporation"/>
    <property name="java.vm.version" value="14.0.1+7"/>
    <property name="sun.io.unicode.encoding" value="UnicodeLittle"/>
    <property name="java.class.version" value="58.0"/>
  </properties>
  <testcase name="multiply_MultiplyByNegativeValue_NegativeValueIsReturned" classname="calculator.TestCalculator" time="0.028"/>
  <testcase name="add_AddSingleValue_ValueIsAdded" classname="calculator.TestCalculator" time="0.004"/>
  <testcase name="multiply_MultiplyByFive_ValueTimesFiveIsReturned" classname="calculator.TestCalculator" time="0"/>
  <testcase name="multiply_MultiplySeveralTimes_ValuesAreMultiplied" classname="calculator.TestCalculator" time="0"/>
  <testcase name="multiply_MultiplyWhenCurrentValueIsOne_ValueIsReturned" classname="calculator.TestCalculator" time="0.001"/>
  <testcase name="divide_DivideByOne_ValuesIsUnchanged" classname="calculator.TestCalculator" time="0.001"/>
  <testcase name="combination_UseMultipleOperations_ValueIsCalculated" classname="calculator.TestCalculator" time="0.001"/>
  <testcase name="subtract_SubtractDecimalValue_ValueIsSubtractedAndReturnedValueIsRoundedUp" classname="calculator.TestCalculator" time="0.001"/>
  <testcase name="divide_DivideByTwoWhenValueIsOdd_ValueIsHalvedAndRoundedUp" classname="calculator.TestCalculator" time="0"/>
  <testcase name="add_AddNegativeValue_ValueIsSubtracted" classname="calculator.TestCalculator" time="0.001"/>
  <testcase name="add_AddMultipleValues_ValuesAreSummedTogether" classname="calculator.TestCalculator" time="0.001"/>
  <testcase name="add_AddSingleDecimalValue_ValueIsAddedAndReturnedValueIsRoundedUp" classname="calculator.TestCalculator" time="0.001"/>
  <testcase name="readCurrentValue_CalculatorIsCreated_ValueIsZero" classname="calculator.TestCalculator" time="0"/>
  <testcase name="combination_UseMultipleOperations2_ValueIsCalculated" classname="calculator.TestCalculator" time="0"/>
  <testcase name="multiply_MultiplyWhenCurrentValueIsZero_ValueRemainsZero" classname="calculator.TestCalculator" time="0.001"/>
  <testcase name="subtract_SubtractIntegerValue_ValueIsSubtracted" classname="calculator.TestCalculator" time="0.001"/>
  <testcase name="divide_DivideByZero_ThrowsInvalidArgumentException" classname="calculator.TestCalculator" time="0.003"/>
  <testcase name="divide_DivideByTwo_ValueIsHalved" classname="calculator.TestCalculator" time="0.001"/>
</testsuite>